This is LuaTeX, Version 1.0.4 (TeX Live 2017)  (format=lualatex 2017.5.23)  5 APR 2018 22:57
 restricted system commands enabled.
 file:line:error style messages enabled.
**cv_4.tex
(./cv_4.tex
LaTeX2e <2017-04-15>
Lua module: luaotfload-main 2017/01/29 2.80001 OpenType layout system.
Lua module: lualibs 2017-02-01 2.5 ConTeXt Lua standard libraries.
Lua module: lualibs-extended 2017-02-01 2.5 ConTeXt Lua libraries -- extended co
llection.(using write cache: /Users/Troll/Library/texlive/2017/texmf-var/luatex-
cache/generic)(using read cache: /usr/local/texlive/2017/texmf-var/luatex-cache/
generic /Users/Troll/Library/texlive/2017/texmf-var/luatex-cache/generic)
luaotfload | conf : Root cache directory is /Users/Troll/Library/texlive/2017/te
xmf-var/luatex-cache/generic/names.
luaotfload | init : Loading fontloader “fontloader-2017-02-11.lua” from kpse
-resolved path “/usr/local/texlive/2017/texmf-dist/tex/luatex/luaotfload/fontl
oader-2017-02-11.lua”.
Lua-only attribute luaotfload@state = 1
Lua-only attribute luaotfload@noligature = 2
Lua-only attribute luaotfload@syllabe = 3
luaotfload | init : Context OpenType loader version “3.027”
Inserting `luaotfload.node_processor' at position 1 in `pre_linebreak_filter'.
Inserting `luaotfload.node_processor' at position 1 in `hpack_filter'.
Inserting `luaotfload.define_font' at position 1 in `define_font'.
Lua-only attribute luaotfload_color_attribute = 4
luaotfload | conf : Root cache directory is /Users/Troll/Library/texlive/2017/te
xmf-var/luatex-cache/generic/names.
Inserting `luaotfload.aux.set_sscale_dimens' at position 1 in `luaotfload.patch_
font'.
Inserting `luaotfload.aux.patch_cambria_domh' at position 2 in `luaotfload.patch
_font'.
Inserting `luaotfload.aux.fixup_fontdata' at position 1 in `luaotfload.patch_fon
t_unsafe'.
Inserting `luaotfload.aux.set_capheight' at position 3 in `luaotfload.patch_font
'.
Inserting `luaotfload.rewrite_fontname' at position 4 in `luaotfload.patch_font'
.
luaotfload | main : initialization completed in 0.146 seconds
Babel <3.10> and hyphenation patterns for 1 language(s) loaded.
(./resume.cls
Document Class: resume 2010/07/10 v0.9 Resume class
(/usr/local/texlive/2017/texmf-dist/tex/latex/base/article.cls
Document Class: article 2014/09/29 v1.4h Standard LaTeX document class
(/usr/local/texlive/2017/texmf-dist/tex/latex/base/size10.clo
File: size10.clo 2014/09/29 v1.4h Standard LaTeX file (size option)
luaotfload | db : Font names database loaded from /Users/Troll/Library/texlive/2
017/texmf-var/luatex-cache/generic/names/luaotfload-names.luc(load luc: /Users/T
roll/Library/texlive/2017/texmf-var/luatex-cache/generic/fonts/otl/lmroman10-reg
ular.luc))
\c@part=\count79
\c@section=\count80
\c@subsection=\count81
\c@subsubsection=\count82
\c@paragraph=\count83
\c@subparagraph=\count84
\c@figure=\count85
\c@table=\count86
\abovecaptionskip=\skip41
\belowcaptionskip=\skip42
\bibindent=\dimen102
) (/usr/local/texlive/2017/texmf-dist/tex/latex/parskip/parskip.sty
Package: parskip 2001/04/09 non-zero parskip adjustments
) (/usr/local/texlive/2017/texmf-dist/tex/latex/tools/array.sty
Package: array 2016/10/06 v2.4d Tabular extension package (FMi)
\col@sep=\dimen103
\extrarowheight=\dimen104
\NC@list=\toks14
\extratabsurround=\skip43
\backup@length=\skip44
)
(/usr/local/texlive/2017/texmf-dist/tex/latex/base/ifthen.sty
Package: ifthen 2014/09/29 v1.1c Standard LaTeX ifthen package (DPC)
)
(/usr/local/texlive/2017/texmf-dist/tex/latex/fontawesome/fontawesome.sty
Package: fontawesome 2016/05/15 v4.6.3.1 font awesome icons

(/usr/local/texlive/2017/texmf-dist/tex/generic/ifxetex/ifxetex.sty
Package: ifxetex 2010/09/12 v0.6 Provides ifxetex conditional
)
(/usr/local/texlive/2017/texmf-dist/tex/generic/oberdiek/ifluatex.sty
Package: ifluatex 2016/05/16 v1.4 Provides the ifluatex switch (HO)
Package ifluatex Info: LuaTeX detected.
)
(/usr/local/texlive/2017/texmf-dist/tex/latex/fontawesome/fontawesomesymbols-ge
neric.tex) (/usr/local/texlive/2017/texmf-dist/tex/latex/fontspec/fontspec.sty
(/usr/local/texlive/2017/texmf-dist/tex/latex/l3kernel/expl3.sty
Package: expl3 2017/05/13 L3 programming layer (loader) 

(/usr/local/texlive/2017/texmf-dist/tex/latex/l3kernel/expl3-code.tex
Package: expl3 2017/05/13 L3 programming layer (code)
\ucharcat@table=\catcodetable5
\c_max_int=\count87
\l_tmpa_int=\count88
\l_tmpb_int=\count89
\g_tmpa_int=\count90
\g_tmpb_int=\count91
\g__prg_map_int=\count92
\c_log_iow=\count93
\l_iow_line_count_int=\count94
\l__iow_line_target_int=\count95
\l__iow_one_indent_int=\count96
\l__iow_indent_int=\count97
\c_zero_dim=\dimen105
\c_max_dim=\dimen106
\l_tmpa_dim=\dimen107
\l_tmpb_dim=\dimen108
\g_tmpa_dim=\dimen109
\g_tmpb_dim=\dimen110
\c_zero_skip=\skip45
\c_max_skip=\skip46
\l_tmpa_skip=\skip47
\l_tmpb_skip=\skip48
\g_tmpa_skip=\skip49
\g_tmpb_skip=\skip50
\c_zero_muskip=\muskip10
\c_max_muskip=\muskip11
\l_tmpa_muskip=\muskip12
\l_tmpb_muskip=\muskip13
\g_tmpa_muskip=\muskip14
\g_tmpb_muskip=\muskip15
\l_keys_choice_int=\count98
\c__fp_leading_shift_int=\count99
\c__fp_middle_shift_int=\count100
\c__fp_trailing_shift_int=\count101
\c__fp_big_leading_shift_int=\count102
\c__fp_big_middle_shift_int=\count103
\c__fp_big_trailing_shift_int=\count104
\c__fp_Bigg_leading_shift_int=\count105
\c__fp_Bigg_middle_shift_int=\count106
\c__fp_Bigg_trailing_shift_int=\count107
\c__fp_rand_size_int=\count108
\c__fp_rand_four_int=\count109
\c__fp_rand_eight_int=\count110
\l__sort_length_int=\count111
\l__sort_min_int=\count112
\l__sort_top_int=\count113
\l__sort_max_int=\count114
\l__sort_true_max_int=\count115
\l__sort_block_int=\count116
\l__sort_begin_int=\count117
\l__sort_end_int=\count118
\l__sort_A_int=\count119
\l__sort_B_int=\count120
\l__sort_C_int=\count121
\c_empty_box=\box26
\l_tmpa_box=\box27
\l_tmpb_box=\box28
\g_tmpa_box=\box29
\g_tmpb_box=\box30
\l__box_top_dim=\dimen111
\l__box_bottom_dim=\dimen112
\l__box_left_dim=\dimen113
\l__box_right_dim=\dimen114
\l__box_top_new_dim=\dimen115
\l__box_bottom_new_dim=\dimen116
\l__box_left_new_dim=\dimen117
\l__box_right_new_dim=\dimen118
\l__box_internal_box=\box31
\l__coffin_internal_box=\box32
\l__coffin_internal_dim=\dimen119
\l__coffin_offset_x_dim=\dimen120
\l__coffin_offset_y_dim=\dimen121
\l__coffin_x_dim=\dimen122
\l__coffin_y_dim=\dimen123
\l__coffin_x_prime_dim=\dimen124
\l__coffin_y_prime_dim=\dimen125
\c_empty_coffin=\box33
\l__coffin_aligned_coffin=\box34
\l__coffin_aligned_internal_coffin=\box35
\l_tmpa_coffin=\box36
\l_tmpb_coffin=\box37
\l__coffin_display_coffin=\box38
\l__coffin_display_coord_coffin=\box39
\l__coffin_display_pole_coffin=\box40
\l__coffin_display_offset_dim=\dimen126
\l__coffin_display_x_dim=\dimen127
\l__coffin_display_y_dim=\dimen128
\l__coffin_bounding_shift_dim=\dimen129
\l__coffin_left_corner_dim=\dimen130
\l__coffin_right_corner_dim=\dimen131
\l__coffin_bottom_corner_dim=\dimen132
\l__coffin_top_corner_dim=\dimen133
\l__coffin_scaled_total_height_dim=\dimen134
\l__coffin_scaled_width_dim=\dimen135
)
(/usr/local/texlive/2017/texmf-dist/tex/latex/l3kernel/l3pdfmode.def
File: l3pdfmode.def 2017/03/18 v L3 Experimental driver: PDF mode
\l__driver_color_stack_int=\count122
\l__driver_tmp_box=\box41
))
(/usr/local/texlive/2017/texmf-dist/tex/latex/l3packages/xparse/xparse.sty
Package: xparse 2017/05/13 L3 Experimental document command parser
\l__xparse_current_arg_int=\count123
\g__xparse_grabber_int=\count124
\l__xparse_m_args_int=\count125
\l__xparse_mandatory_args_int=\count126
\l__xparse_v_nesting_int=\count127
)
Package: fontspec 2017/03/31 v2.6a Font selection for XeLaTeX and LuaLaTeX
Lua module: fontspec 2017/03/31 2.6a Font selection for XeLaTeX and LuaLaTeX
(/usr/local/texlive/2017/texmf-dist/tex/latex/fontspec/fontspec-luatex.sty
Package: fontspec-luatex 2017/03/31 v2.6a Font selection for XeLaTeX and LuaLaTe
X
\l__fontspec_script_int=\count128
\l__fontspec_language_int=\count129
\l__fontspec_strnum_int=\count130
\l__fontspec_tmp_int=\count131
\l__fontspec_em_int=\count132
\l__fontspec_emdef_int=\count133
\l__fontspec_strong_int=\count134
\l__fontspec_strongdef_int=\count135
\l__fontspec_tmpa_dim=\dimen136
\l__fontspec_tmpb_dim=\dimen137
\l__fontspec_tmpc_dim=\dimen138
\g__file_internal_ior=\read1

(/usr/local/texlive/2017/texmf-dist/tex/latex/base/fontenc.sty
Package: fontenc 2017/04/05 v2.0i Standard LaTeX package

(/usr/local/texlive/2017/texmf-dist/tex/latex/base/tuenc.def
File: tuenc.def 2017/04/05 v2.0i Standard LaTeX file
LaTeX Font Info:    Redeclaring font encoding TU on input line 82.
))
.................................................
. LaTeX info: "xparse/define-command"
. 
. Defining command \fontspec with sig. 'O{}mO{}' on line 475.
.................................................
.................................................
. LaTeX info: "xparse/define-command"
. 
. Defining command \setmainfont with sig. 'O{}mO{}' on line 486.
.................................................
.................................................
. LaTeX info: "xparse/define-command"
. 
. Defining command \setsansfont with sig. 'O{}mO{}' on line 506.
.................................................
.................................................
. LaTeX info: "xparse/define-command"
. 
. Defining command \setmonofont with sig. 'O{}mO{}' on line 526.
.................................................
.................................................
. LaTeX info: "xparse/define-command"
. 
. Defining command \setromanfont with sig. 'O{}mO{}' on line 546.
.................................................
.................................................
. LaTeX info: "xparse/define-command"
. 
. Defining command \setmathrm with sig. 'O{}mO{}' on line 550.
.................................................
.................................................
. LaTeX info: "xparse/define-command"
. 
. Defining command \setboldmathrm with sig. 'O{}mO{}' on line 558.
.................................................
.................................................
. LaTeX info: "xparse/define-command"
. 
. Defining command \setmathsf with sig. 'O{}mO{}' on line 566.
.................................................
.................................................
. LaTeX info: "xparse/define-command"
. 
. Defining command \setmathtt with sig. 'O{}mO{}' on line 574.
.................................................
.................................................
. LaTeX info: "xparse/define-command"
. 
. Defining command \newfontfamily with sig. 'mO{}mO{}' on line 589.
.................................................
.................................................
. LaTeX info: "xparse/define-command"
. 
. Defining command \newfontface with sig. 'mO{}mO{}' on line 606.
.................................................
.................................................
. LaTeX info: "xparse/define-command"
. 
. Defining command \defaultfontfeatures with sig. 't+om' on line 617.
.................................................
.................................................
. LaTeX info: "xparse/define-command"
. 
. Defining command \addfontfeatures with sig. 'm' on line 648.
.................................................
.................................................
. LaTeX info: "xparse/define-command"
. 
. Defining command \newfontfeature with sig. 'mm' on line 675.
.................................................
.................................................
. LaTeX info: "xparse/define-command"
. 
. Defining command \newAATfeature with sig. 'mmmm' on line 689.
.................................................
.................................................
. LaTeX info: "xparse/define-command"
. 
. Defining command \newopentypefeature with sig. 'mmm' on line 703.
.................................................
.................................................
. LaTeX info: "xparse/define-command"
. 
. Defining command \newICUfeature with sig. 'mmm' on line 723.
.................................................
.................................................
. LaTeX info: "xparse/define-command"
. 
. Defining command \aliasfontfeature with sig. 'mm' on line 727.
.................................................
.................................................
. LaTeX info: "xparse/define-command"
. 
. Defining command \aliasfontfeatureoption with sig. 'mmm' on line 748.
.................................................
.................................................
. LaTeX info: "xparse/define-command"
. 
. Defining command \newfontscript with sig. 'mm' on line 781.
.................................................
.................................................
. LaTeX info: "xparse/define-command"
. 
. Defining command \newfontlanguage with sig. 'mm' on line 785.
.................................................
.................................................
. LaTeX info: "xparse/define-command"
. 
. Defining command \DeclareFontsExtensions with sig. 'm' on line 789.
.................................................
.................................................
. LaTeX info: "xparse/define-command"
. 
. Defining command \IfFontFeatureActiveTF with sig. 'mmm' on line 800.
.................................................
.................................................
. LaTeX info: "xparse/define-command"
. 
. Defining command \EncodingCommand with sig. 'mO{}m' on line 3162.
.................................................
.................................................
. LaTeX info: "xparse/define-command"
. 
. Defining command \EncodingAccent with sig. 'mm' on line 3168.
.................................................
.................................................
. LaTeX info: "xparse/define-command"
. 
. Defining command \EncodingSymbol with sig. 'mm' on line 3174.
.................................................
.................................................
. LaTeX info: "xparse/define-command"
. 
. Defining command \EncodingComposite with sig. 'mmm' on line 3180.
.................................................
.................................................
. LaTeX info: "xparse/define-command"
. 
. Defining command \EncodingCompositeCommand with sig. 'mmm' on line 3186.
.................................................
.................................................
. LaTeX info: "xparse/define-command"
. 
. Defining command \DeclareUnicodeEncoding with sig. 'mm' on line 3211.
.................................................
.................................................
. LaTeX info: "xparse/define-command"
. 
. Defining command \UndeclareSymbol with sig. 'm' on line 3217.
.................................................
.................................................
. LaTeX info: "xparse/define-command"
. 
. Defining command \UndeclareComposite with sig. 'mm' on line 3225.
.................................................

(/usr/local/texlive/2017/texmf-dist/tex/latex/fontspec/fontspec.cfg)
LaTeX Info: Redefining \itshape on input line 3410.
LaTeX Info: Redefining \slshape on input line 3415.
LaTeX Info: Redefining \scshape on input line 3420.
LaTeX Info: Redefining \upshape on input line 3425.
LaTeX Info: Redefining \em on input line 3455.
LaTeX Info: Redefining \emph on input line 3480.
(load luc: /Users/Troll/Library/texlive/2017/texmf-var/luatex-cache/generic/font
s/otl/lmroman10-bold.luc)(load luc: /Users/Troll/Library/texlive/2017/texmf-var/
luatex-cache/generic/fonts/otl/lmroman10-italic.luc)
LaTeX Info: Redefining \- on input line 3531.
.................................................
. LaTeX info: "xparse/redefine-command"
. 
. Redefining command \oldstylenums with sig. 'm' on line 3626.
.................................................
.................................................
. LaTeX info: "xparse/define-command"
. 
. Defining command \liningnums with sig. 'm' on line 3630.
.................................................
))
luaotfload | cache : Lookup cache loaded from /Users/Troll/Library/texlive/2017/
texmf-var/luatex-cache/generic/names/luaotfload-lookup-cache.luc.(load luc: /Use
rs/Troll/Library/texlive/2017/texmf-var/luatex-cache/generic/fonts/otl/fontaweso
me.luc)
luaotfload | aux : font no 18 (nil) defines no feature for script latn
luaotfload | aux : no font with id 18
.................................................
. fontspec info: "no-scripts"
. 
. Font "FontAwesome" does not contain any OpenType `Script' information.
.................................................
\g__fontspec_family_FontAwesome_int=\count136
.................................................
. fontspec info: "no-font-shape"
. 
. Could not resolve font "FontAwesome/BI" (it probably doesn't exist).
.................................................
.................................................
. fontspec info: "no-font-shape"
. 
. Could not resolve font "FontAwesome/B" (it probably doesn't exist).
.................................................
.................................................
. fontspec info: "no-font-shape"
. 
. Could not resolve font "FontAwesome/I" (it probably doesn't exist).
.................................................
luaotfload | aux : font no 18 (nil) does not define feature smcp for script  wit
h language 
luaotfload | aux : no font with id 18
.................................................
. fontspec info: "defining-font"
. 
. Font family 'FontAwesome(0)' created for font 'FontAwesome' with options [].
.  
.  This font family consists of the following NFSS series/shapes:
.  
. - 'normal' (m/n) with NFSS spec.: <->"FontAwesome:mode=node;"
. - 'small caps'  (m/sc) with NFSS spec.: 
.................................................

(/usr/local/texlive/2017/texmf-dist/tex/latex/fontawesome/fontawesomesymbols-xe
luatex.tex))
(/usr/local/texlive/2017/texmf-dist/tex/latex/hyperref/hyperref.sty
Package: hyperref 2017/03/14 v6.85a Hypertext links for LaTeX

(/usr/local/texlive/2017/texmf-dist/tex/generic/oberdiek/hobsub-hyperref.sty
Package: hobsub-hyperref 2016/05/16 v1.14 Bundle oberdiek, subset hyperref (HO)

(/usr/local/texlive/2017/texmf-dist/tex/generic/oberdiek/hobsub-generic.sty
Package: hobsub-generic 2016/05/16 v1.14 Bundle oberdiek, subset generic (HO)
Package: hobsub 2016/05/16 v1.14 Construct package bundles (HO)
Package: infwarerr 2016/05/16 v1.4 Providing info/warning/error messages (HO)
Package: ltxcmds 2016/05/16 v1.23 LaTeX kernel commands for general use (HO)
Package hobsub Info: Skipping package `ifluatex' (already loaded).
Package: ifvtex 2016/05/16 v1.6 Detect VTeX and its facilities (HO)
Package ifvtex Info: VTeX not detected.
Package: intcalc 2016/05/16 v1.2 Expandable calculations with integers (HO)
Package: ifpdf 2017/03/15 v3.2 Provides the ifpdf switch
Package: etexcmds 2016/05/16 v1.6 Avoid name clashes with e-TeX commands (HO)
Package: kvsetkeys 2016/05/16 v1.17 Key value parser (HO)
Package: kvdefinekeys 2016/05/16 v1.4 Define keys (HO)
Package: luatex-loader 2016/05/16 v0.6 Lua module loader (HO)

(/usr/local/texlive/2017/texmf-dist/scripts/oberdiek/oberdiek.luatex.lua)
Package: pdftexcmds 2017/03/19 v0.25 Utility functions of pdfTeX for LuaTeX (HO)

Package pdftexcmds Info: \pdf@primitive is available.
Package pdftexcmds Info: \pdf@ifprimitive is available.
Package pdftexcmds Info: \pdfdraftmode found.
\pdftexcmds@toks=\toks15
Package: pdfescape 2016/05/16 v1.14 Implements pdfTeX's escape features (HO)
Package: bigintcalc 2016/05/16 v1.4 Expandable calculations on big integers (HO)

Package: bitset 2016/05/16 v1.2 Handle bit-vector datatype (HO)
Package: uniquecounter 2016/05/16 v1.3 Provide unlimited unique counter (HO)
)
Package hobsub Info: Skipping package `hobsub' (already loaded).
Package: letltxmacro 2016/05/16 v1.5 Let assignment for LaTeX macros (HO)
Package: hopatch 2016/05/16 v1.3 Wrapper for package hooks (HO)
Package: xcolor-patch 2016/05/16 xcolor patch
Package: atveryend 2016/05/16 v1.9 Hooks at the very end of document (HO)
Package atveryend Info: \enddocument detected (standard20110627).
Package: atbegshi 2016/06/09 v1.18 At begin shipout hook (HO)
Package: refcount 2016/05/16 v3.5 Data extraction from label references (HO)
Package: hycolor 2016/05/16 v1.8 Color options for hyperref/bookmark (HO)
)
(/usr/local/texlive/2017/texmf-dist/tex/latex/graphics/keyval.sty
Package: keyval 2014/10/28 v1.15 key=value parser (DPC)
\KV@toks@=\toks16
)
(/usr/local/texlive/2017/texmf-dist/tex/latex/oberdiek/auxhook.sty
Package: auxhook 2016/05/16 v1.4 Hooks for auxiliary files (HO)
)
(/usr/local/texlive/2017/texmf-dist/tex/latex/oberdiek/kvoptions.sty
Package: kvoptions 2016/05/16 v3.12 Key value format for package options (HO)
)
\@linkdim=\dimen139
\Hy@linkcounter=\count137
\Hy@pagecounter=\count138

(/usr/local/texlive/2017/texmf-dist/tex/latex/hyperref/pd1enc.def
File: pd1enc.def 2017/03/14 v6.85a Hyperref: PDFDocEncoding definition (HO)
)
\Hy@SavedSpaceFactor=\count139

(/usr/local/texlive/2017/texmf-dist/tex/latex/latexconfig/hyperref.cfg
File: hyperref.cfg 2002/06/06 v1.2 hyperref configuration of TeXLive
)
Package hyperref Info: Option `unicode' set `true' on input line 4374.

(/usr/local/texlive/2017/texmf-dist/tex/latex/hyperref/puenc.def
File: puenc.def 2017/03/14 v6.85a Hyperref: PDF Unicode definition (HO)
)
Package hyperref Info: Hyper figures OFF on input line 4498.
Package hyperref Info: Link nesting OFF on input line 4503.
Package hyperref Info: Hyper index ON on input line 4506.
Package hyperref Info: Plain pages OFF on input line 4513.
Package hyperref Info: Backreferencing OFF on input line 4518.
Package hyperref Info: Implicit mode ON; LaTeX internals redefined.
Package hyperref Info: Bookmarks ON on input line 4751.
\c@Hy@tempcnt=\count140

(/usr/local/texlive/2017/texmf-dist/tex/latex/url/url.sty
\Urlmuskip=\muskip16
Package: url 2013/09/16  ver 3.4  Verb mode for urls, etc.
)
LaTeX Info: Redefining \url on input line 5104.
\XeTeXLinkMargin=\dimen140
\Fld@menulength=\count141
\Field@Width=\dimen141
\Fld@charsize=\dimen142
Package hyperref Info: Hyper figures OFF on input line 6358.
Package hyperref Info: Link nesting OFF on input line 6363.
Package hyperref Info: Hyper index ON on input line 6366.
Package hyperref Info: backreferencing OFF on input line 6373.
Package hyperref Info: Link coloring OFF on input line 6378.
Package hyperref Info: Link coloring with OCG OFF on input line 6383.
Package hyperref Info: PDF/A mode OFF on input line 6388.
LaTeX Info: Redefining \ref on input line 6428.
LaTeX Info: Redefining \pageref on input line 6432.
\Hy@abspage=\count142
\c@Item=\count143
\c@Hfootnote=\count144
)

Package hyperref Message: Driver (autodetected): hluatex.

(/usr/local/texlive/2017/texmf-dist/tex/latex/hyperref/hluatex.def
File: hluatex.def 2017/03/14 v6.85a Hyperref driver for luaTeX
\Fld@listcount=\count145
\c@bookmark@seq@number=\count146

(/usr/local/texlive/2017/texmf-dist/tex/latex/oberdiek/rerunfilecheck.sty
Package: rerunfilecheck 2016/05/16 v1.8 Rerun checks for auxiliary files (HO)
Package uniquecounter Info: New unique counter `rerunfilecheck' on input line 28
2.
)
\Hy@SectionHShift=\skip51
)
(/usr/local/texlive/2017/texmf-dist/tex/latex/xcolor/xcolor.sty
Package: xcolor 2016/05/11 v2.12 LaTeX color extensions (UK)

(/usr/local/texlive/2017/texmf-dist/tex/latex/graphics-cfg/color.cfg
File: color.cfg 2016/01/02 v1.6 sample color configuration
)
Package xcolor Info: Driver file: luatex.def on input line 225.

(/usr/local/texlive/2017/texmf-dist/tex/latex/graphics-def/luatex.def
File: luatex.def 2017/01/12 v0.01h Graphics/Color for luaTeX
\Gread@gobject=\count147
)
Package xcolor Info: Model `cmy' substituted by `cmy0' on input line 1348.
Package xcolor Info: Model `hsb' substituted by `rgb' on input line 1352.
Package xcolor Info: Model `RGB' extended on input line 1364.
Package xcolor Info: Model `HTML' substituted by `rgb' on input line 1366.
Package xcolor Info: Model `Hsb' substituted by `hsb' on input line 1367.
Package xcolor Info: Model `tHsb' substituted by `hsb' on input line 1368.
Package xcolor Info: Model `HSB' substituted by `hsb' on input line 1369.
Package xcolor Info: Model `Gray' substituted by `gray' on input line 1370.
Package xcolor Info: Model `wave' substituted by `hsb' on input line 1371.
)(load luc: /Users/Troll/Library/texlive/2017/texmf-var/luatex-cache/generic/fon
ts/otl/arial.luc)
\g__fontspec_family_Arial_int=\count148
(load luc: /Users/Troll/Library/texlive/2017/texmf-var/luatex-cache/generic/font
s/otl/arial-bold-italic.luc)(load luc: /Users/Troll/Library/texlive/2017/texmf-v
ar/luatex-cache/generic/fonts/otl/arial-bold.luc)(load luc: /Users/Troll/Library
/texlive/2017/texmf-var/luatex-cache/generic/fonts/otl/arial-italic.luc)
luaotfload | aux : font no 19 (nil) does not define feature smcp for script latn
 with language dflt
luaotfload | aux : no font with id 19
luaotfload | aux : font no 21 (nil) does not define feature smcp for script latn
 with language dflt
luaotfload | aux : no font with id 21
luaotfload | aux : font no 22 (nil) does not define feature smcp for script latn
 with language dflt
luaotfload | aux : no font with id 22
luaotfload | aux : font no 20 (nil) does not define feature smcp for script latn
 with language dflt
luaotfload | aux : no font with id 20
.................................................
. fontspec info: "defining-font"
. 
. Font family 'Arial(0)' created for font 'Arial' with options
. [Ligatures=TeX].
.  
.  This font family consists of the following NFSS series/shapes:
.  
. - 'normal' (m/n) with NFSS spec.:
. <->"Arial:mode=node;script=latn;language=DFLT;+tlig;"
. - 'small caps'  (m/sc) with NFSS spec.: 
. - 'bold' (bx/n) with NFSS spec.:
. <->"Arial/B:mode=node;script=latn;language=DFLT;+tlig;"
. - 'bold small caps'  (bx/sc) with NFSS spec.: 
. - 'italic' (m/it) with NFSS spec.:
. <->"Arial/I:mode=node;script=latn;language=DFLT;+tlig;"
. - 'italic small caps'  (m/itsc) with NFSS spec.: 
. - 'bold italic' (bx/it) with NFSS spec.:
. <->"Arial/BI:mode=node;script=latn;language=DFLT;+tlig;"
. - 'bold italic small caps'  (bx/itsc) with NFSS spec.: 
.................................................
LaTeX Info: Redefining \rmfamily on input line 32.
) (/usr/local/texlive/2017/texmf-dist/tex/latex/geometry/geometry.sty
Package: geometry 2010/09/12 v5.6 Page Geometry
\Gm@cnth=\count149
\Gm@cntv=\count150
\c@Gm@tempcnt=\count151
\Gm@bindingoffset=\dimen143
\Gm@wd@mp=\dimen144
\Gm@odd@mp=\dimen145
\Gm@even@mp=\dimen146
\Gm@layoutwidth=\dimen147
\Gm@layoutheight=\dimen148
\Gm@layouthoffset=\dimen149
\Gm@layoutvoffset=\dimen150
\Gm@dimlist=\toks17
)
(./cv_4.aux)
\openout1 = cv_4.aux

LaTeX Font Info:    Checking defaults for OML/cmm/m/it on input line 35.
LaTeX Font Info:    ... okay on input line 35.
LaTeX Font Info:    Checking defaults for T1/cmr/m/n on input line 35.
LaTeX Font Info:    ... okay on input line 35.
LaTeX Font Info:    Checking defaults for OT1/cmr/m/n on input line 35.
LaTeX Font Info:    ... okay on input line 35.
LaTeX Font Info:    Checking defaults for OMS/cmsy/m/n on input line 35.
LaTeX Font Info:    ... okay on input line 35.
LaTeX Font Info:    Checking defaults for TU/lmr/m/n on input line 35.
LaTeX Font Info:    ... okay on input line 35.
LaTeX Font Info:    Checking defaults for OMX/cmex/m/n on input line 35.
LaTeX Font Info:    ... okay on input line 35.
LaTeX Font Info:    Checking defaults for U/cmr/m/n on input line 35.
LaTeX Font Info:    ... okay on input line 35.
LaTeX Font Info:    Checking defaults for PD1/pdf/m/n on input line 35.
LaTeX Font Info:    ... okay on input line 35.
LaTeX Font Info:    Checking defaults for PU/pdf/m/n on input line 35.
LaTeX Font Info:    ... okay on input line 35.
.................................................
. fontspec info: "setup-math"
. 
. Adjusting the maths setup (use [no-math] to avoid this).
.................................................
\symlegacymaths=\mathgroup4
LaTeX Font Info:    Overwriting symbol font `legacymaths' in version `bold'
(Font)                  OT1/cmr/m/n --> OT1/cmr/bx/n on input line 35.
LaTeX Font Info:    Redeclaring math accent \acute on input line 35.
LaTeX Font Info:    Redeclaring math accent \grave on input line 35.
LaTeX Font Info:    Redeclaring math accent \ddot on input line 35.
LaTeX Font Info:    Redeclaring math accent \tilde on input line 35.
LaTeX Font Info:    Redeclaring math accent \bar on input line 35.
LaTeX Font Info:    Redeclaring math accent \breve on input line 35.
LaTeX Font Info:    Redeclaring math accent \check on input line 35.
LaTeX Font Info:    Redeclaring math accent \hat on input line 35.
LaTeX Font Info:    Redeclaring math accent \dot on input line 35.
LaTeX Font Info:    Redeclaring math accent \mathring on input line 35.
LaTeX Font Info:    Redeclaring math symbol \colon on input line 35.
LaTeX Font Info:    Redeclaring math symbol \Gamma on input line 35.
LaTeX Font Info:    Redeclaring math symbol \Delta on input line 35.
LaTeX Font Info:    Redeclaring math symbol \Theta on input line 35.
LaTeX Font Info:    Redeclaring math symbol \Lambda on input line 35.
LaTeX Font Info:    Redeclaring math symbol \Xi on input line 35.
LaTeX Font Info:    Redeclaring math symbol \Pi on input line 35.
LaTeX Font Info:    Redeclaring math symbol \Sigma on input line 35.
LaTeX Font Info:    Redeclaring math symbol \Upsilon on input line 35.
LaTeX Font Info:    Redeclaring math symbol \Phi on input line 35.
LaTeX Font Info:    Redeclaring math symbol \Psi on input line 35.
LaTeX Font Info:    Redeclaring math symbol \Omega on input line 35.
LaTeX Font Info:    Redeclaring math symbol \mathdollar on input line 35.
LaTeX Font Info:    Redeclaring symbol font `operators' on input line 35.
LaTeX Font Info:    Encoding `OT1' has changed to `TU' for symbol font
(Font)              `operators' in the math version `normal' on input line 35.
LaTeX Font Info:    Overwriting symbol font `operators' in version `normal'
(Font)                  OT1/cmr/m/n --> TU/Arial(0)/m/n on input line 35.
LaTeX Font Info:    Encoding `OT1' has changed to `TU' for symbol font
(Font)              `operators' in the math version `bold' on input line 35.
LaTeX Font Info:    Overwriting symbol font `operators' in version `bold'
(Font)                  OT1/cmr/bx/n --> TU/Arial(0)/m/n on input line 35.
LaTeX Font Info:    Overwriting symbol font `operators' in version `normal'
(Font)                  TU/Arial(0)/m/n --> TU/Arial(0)/m/n on input line 35.
LaTeX Font Info:    Overwriting math alphabet `\mathit' in version `normal'
(Font)                  OT1/cmr/m/it --> TU/Arial(0)/m/it on input line 35.
LaTeX Font Info:    Overwriting math alphabet `\mathbf' in version `normal'
(Font)                  OT1/cmr/bx/n --> TU/Arial(0)/bx/n on input line 35.
LaTeX Font Info:    Overwriting math alphabet `\mathsf' in version `normal'
(Font)                  OT1/cmss/m/n --> TU/lmss/m/n on input line 35.
LaTeX Font Info:    Overwriting math alphabet `\mathtt' in version `normal'
(Font)                  OT1/cmtt/m/n --> TU/lmtt/m/n on input line 35.
LaTeX Font Info:    Overwriting symbol font `operators' in version `bold'
(Font)                  TU/Arial(0)/m/n --> TU/Arial(0)/bx/n on input line 35.
LaTeX Font Info:    Overwriting math alphabet `\mathit' in version `bold'
(Font)                  OT1/cmr/bx/it --> TU/Arial(0)/bx/it on input line 35.
LaTeX Font Info:    Overwriting math alphabet `\mathsf' in version `bold'
(Font)                  OT1/cmss/bx/n --> TU/lmss/bx/n on input line 35.
LaTeX Font Info:    Overwriting math alphabet `\mathtt' in version `bold'
(Font)                  OT1/cmtt/m/n --> TU/lmtt/bx/n on input line 35.
\AtBeginShipoutBox=\box42
Package hyperref Info: Link coloring OFF on input line 35.
 (/usr/local/texlive/2017/texmf-dist/tex/latex/hyperref/nameref.sty
Package: nameref 2016/05/21 v2.44 Cross-referencing by name of section
(/usr/local/texlive/2017/texmf-dist/tex/generic/oberdiek/gettitlestring.sty
Package: gettitlestring 2016/05/16 v1.5 Cleanup title references (HO)
)
\c@section@level=\count152
)
LaTeX Info: Redefining \ref on input line 35.
LaTeX Info: Redefining \pageref on input line 35.
LaTeX Info: Redefining \nameref on input line 35.

(./cv_4.out) (./cv_4.out)
\@outlinefile=\write3

\openout3 = cv_4.out

(/usr/local/texlive/2017/texmf-dist/tex/context/base/mkii/supp-pdf.mkii
[Loading MPS to PDF converter (version 2006.09.02).]
\scratchcounter=\count153
\scratchdimen=\dimen151
\scratchbox=\box43
\nofMPsegments=\count154
\nofMParguments=\count155
\everyMPshowfont=\toks18
\MPscratchCnt=\count156
\MPscratchDim=\dimen152
\MPnumerator=\count157
\makeMPintoPDFobject=\count158
\everyMPtoPDFconversion=\toks19
)
*geometry* driver: auto-detecting
*geometry* detected driver: pdftex
*geometry* verbose mode - [ preamble ] result:
* driver: pdftex
* paper: <default>
* layout: <same size as paper>
* layoutoffset:(h,v)=(0.0pt,0.0pt)
* modes: 
* h-part:(L,W,R)=(54.2025pt, 505.89pt, 54.2025pt)
* v-part:(T,H,B)=(36.135pt, 722.7pt, 36.135pt)
* \paperwidth=614.295pt
* \paperheight=794.96999pt
* \textwidth=505.89pt
* \textheight=722.7pt
* \oddsidemargin=-18.06749pt
* \evensidemargin=-18.06749pt
* \topmargin=-73.135pt
* \headheight=12.0pt
* \headsep=25.0pt
* \topskip=10.0pt
* \footskip=30.0pt
* \marginparwidth=65.0pt
* \marginparsep=11.0pt
* \columnsep=10.0pt
* \skip\footins=9.0pt plus 4.0pt minus 2.0pt
* \hoffset=0.0pt
* \voffset=0.0pt
* \mag=1000
* \@twocolumnfalse
* \@twosidefalse
* \@mparswitchfalse
* \@reversemarginfalse
* (1in=72.27pt=25.4mm, 1cm=28.453pt)

LaTeX Font Info:    External font `cmex10' loaded for size
(Font)              <7> on input line 43.
LaTeX Font Info:    External font `cmex10' loaded for size
(Font)              <5> on input line 43.

LaTeX Warning: Command \textbullet invalid in math mode on input line 65.


LaTeX Warning: Command \textbullet invalid in math mode on input line 66.


LaTeX Warning: Command \textbullet invalid in math mode on input line 67.


LaTeX Warning: Command \textbullet invalid in math mode on input line 68.


LaTeX Font Warning: Font shape `TU/FontAwesome(0)/m/it' undefined
(Font)              using `TU/FontAwesome(0)/m/n' instead on input line 76.


LaTeX Warning: Command \textbullet invalid in math mode on input line 77.


LaTeX Warning: Command \textbullet invalid in math mode on input line 78.


LaTeX Warning: Command \textbullet invalid in math mode on input line 79.


LaTeX Warning: Command \textbullet invalid in math mode on input line 88.


LaTeX Warning: Command \textbullet invalid in math mode on input line 89.


LaTeX Warning: Command \textbullet invalid in math mode on input line 101.


LaTeX Warning: Command \textbullet invalid in math mode on input line 102.


LaTeX Warning: Command \textbullet invalid in math mode on input line 106.

Package atveryend Info: Empty hook `BeforeClearDocument' on input line 136.
[1

{/usr/local/texlive/2017/texmf-var/fonts/map/pdftex/updmap/pdftex.map}]
Package atveryend Info: Empty hook `AfterLastShipout' on input line 136.

(./cv_4.aux)
Package atveryend Info: Executing hook `AtVeryEndDocument' on input line 136.
Package atveryend Info: Executing hook `AtEndAfterFileList' on input line 136.
Package rerunfilecheck Info: File `cv_4.out' has not changed.
(rerunfilecheck)             Checksum: D41D8CD98F00B204E9800998ECF8427E;0.


LaTeX Font Warning: Some font shapes were not available, defaults substituted.

Package atveryend Info: Empty hook `AtVeryVeryEnd' on input line 136.
)

Here is how much of LuaTeX's memory you used:
 19508 strings out of 494481
 100000,552014 words of node,token memory allocated
 396 words of node memory still in use:
   3 hlist, 1 vlist, 1 rule, 2 glue, 4 attribute, 51 glue_spec, 4 attribute_list
, 1 write nodes
   avail lists: 1:1,2:620,3:139,4:43,5:62,6:2941,7:919,8:21,9:119,10:12,11:265
 23301 multiletter control sequences out of 65536+600000
 49 fonts using 11604367 bytes
 49i,6n,70p,358b,330s stack positions out of 5000i,500n,10000p,200000b,100000s
</Library/Fonts/Arial Italic.ttf></usr/local/texlive/2017/texmf-dist/fonts/opent
ype/public/fontawesome/FontAwesome.otf></Library/Fonts/Arial.ttf></Library/Fonts
/Arial Bold.ttf>
Output written on cv_4.pdf (1 page, 83842 bytes).

PDF statistics: 48 PDF objects out of 1000 (max. 8388607)
 32 compressed objects within 1 object stream
 2 named destinations out of 1000 (max. 131072)
 1 words of extra memory for PDF output out of 10000 (max. 100000000)

